<?xml version="1.0"?>
<!DOCTYPE coverage SYSTEM "http://cobertura.sourceforge.net/xml/coverage-04.dtd">

<coverage line-rate="0.9699863574351978" branch-rate="0.9792899408284024" lines-covered="711" lines-valid="733" branches-covered="331" branches-valid="338" complexity="3.843137254901961" version="1.9.4.1" timestamp="1429727893039">
	<sources>
		<source>/Users/mattz/Development/Java/NinthTestJCAProvider/src/main/java</source>
		<source>--source</source>
	</sources>
	<packages>
		<package name="net.ninthtest.crypto.helix" line-rate="0.9850187265917603" branch-rate="0.9358974358974359" complexity="2.5428571428571427">
			<classes>
				<class name="net.ninthtest.crypto.helix.HelixDecryption" filename="net/ninthtest/crypto/helix/HelixDecryption.java" line-rate="1.0" branch-rate="1.0" complexity="2.75">
					<methods>
						<method name="&lt;init&gt;" signature="([B[B)V" line-rate="1.0" branch-rate="1.0">
							<lines>
								<line number="62" hits="4" branch="false"/>
								<line number="63" hits="4" branch="false"/>
							</lines>
						</method>
						<method name="&lt;init&gt;" signature="([B[B[B)V" line-rate="1.0" branch-rate="1.0">
							<lines>
								<line number="86" hits="34" branch="false"/>
								<line number="88" hits="34" branch="true" condition-coverage="100% (4/4)">
									<conditions>
										<condition number="0" type="jump" coverage="100%"/>
										<condition number="1" type="jump" coverage="100%"/>
									</conditions>
								</line>
								<line number="89" hits="2" branch="false"/>
								<line number="92" hits="32" branch="false"/>
								<line number="93" hits="32" branch="false"/>
							</lines>
						</method>
						<method name="finish" signature="([B)[B" line-rate="1.0" branch-rate="1.0">
							<lines>
								<line number="107" hits="20" branch="false"/>
								<line number="109" hits="20" branch="true" condition-coverage="100% (2/2)">
									<conditions>
										<condition number="0" type="jump" coverage="100%"/>
									</conditions>
								</line>
								<line number="110" hits="12" branch="false"/>
								<line number="112" hits="12" branch="true" condition-coverage="100% (2/2)">
									<conditions>
										<condition number="0" type="jump" coverage="100%"/>
									</conditions>
								</line>
								<line number="113" hits="3" branch="false"/>
								<line number="118" hits="17" branch="false"/>
							</lines>
						</method>
						<method name="transformWords" signature="([II)[I" line-rate="1.0" branch-rate="1.0">
							<lines>
								<line number="133" hits="49" branch="false"/>
								<line number="136" hits="255" branch="true" condition-coverage="100% (2/2)">
									<conditions>
										<condition number="0" type="jump" coverage="100%"/>
									</conditions>
								</line>
								<line number="137" hits="206" branch="false"/>
								<line number="138" hits="206" branch="false"/>
								<line number="141" hits="49" branch="false"/>
							</lines>
						</method>
					</methods>
					<lines>
						<line number="62" hits="4" branch="false"/>
						<line number="63" hits="4" branch="false"/>
						<line number="86" hits="34" branch="false"/>
						<line number="88" hits="34" branch="true" condition-coverage="100% (4/4)">
							<conditions>
								<condition number="0" type="jump" coverage="100%"/>
								<condition number="1" type="jump" coverage="100%"/>
							</conditions>
						</line>
						<line number="89" hits="2" branch="false"/>
						<line number="92" hits="32" branch="false"/>
						<line number="93" hits="32" branch="false"/>
						<line number="107" hits="20" branch="false"/>
						<line number="109" hits="20" branch="true" condition-coverage="100% (2/2)">
							<conditions>
								<condition number="0" type="jump" coverage="100%"/>
							</conditions>
						</line>
						<line number="110" hits="12" branch="false"/>
						<line number="112" hits="12" branch="true" condition-coverage="100% (2/2)">
							<conditions>
								<condition number="0" type="jump" coverage="100%"/>
							</conditions>
						</line>
						<line number="113" hits="3" branch="false"/>
						<line number="118" hits="17" branch="false"/>
						<line number="133" hits="49" branch="false"/>
						<line number="136" hits="255" branch="true" condition-coverage="100% (2/2)">
							<conditions>
								<condition number="0" type="jump" coverage="100%"/>
							</conditions>
						</line>
						<line number="137" hits="206" branch="false"/>
						<line number="138" hits="206" branch="false"/>
						<line number="141" hits="49" branch="false"/>
					</lines>
				</class>
				<class name="net.ninthtest.crypto.helix.HelixEncryption" filename="net/ninthtest/crypto/helix/HelixEncryption.java" line-rate="1.0" branch-rate="1.0" complexity="1.5">
					<methods>
						<method name="&lt;init&gt;" signature="([B[B)V" line-rate="1.0" branch-rate="1.0">
							<lines>
								<line number="39" hits="89" branch="false"/>
								<line number="40" hits="89" branch="false"/>
							</lines>
						</method>
						<method name="finish" signature="([B)[B" line-rate="1.0" branch-rate="1.0">
							<lines>
								<line number="28" hits="27" branch="false"/>
							</lines>
						</method>
						<method name="transformWords" signature="([II)[I" line-rate="1.0" branch-rate="1.0">
							<lines>
								<line number="53" hits="68" branch="false"/>
								<line number="56" hits="343" branch="true" condition-coverage="100% (2/2)">
									<conditions>
										<condition number="0" type="jump" coverage="100%"/>
									</conditions>
								</line>
								<line number="57" hits="275" branch="false"/>
								<line number="58" hits="275" branch="false"/>
								<line number="61" hits="68" branch="false"/>
							</lines>
						</method>
					</methods>
					<lines>
						<line number="28" hits="27" branch="false"/>
						<line number="39" hits="89" branch="false"/>
						<line number="40" hits="89" branch="false"/>
						<line number="53" hits="68" branch="false"/>
						<line number="56" hits="343" branch="true" condition-coverage="100% (2/2)">
							<conditions>
								<condition number="0" type="jump" coverage="100%"/>
							</conditions>
						</line>
						<line number="57" hits="275" branch="false"/>
						<line number="58" hits="275" branch="false"/>
						<line number="61" hits="68" branch="false"/>
					</lines>
				</class>
				<class name="net.ninthtest.crypto.helix.HelixImpl" filename="net/ninthtest/crypto/helix/HelixImpl.java" line-rate="0.9823788546255506" branch-rate="0.9242424242424242" complexity="3.5555555555555554">
					<methods>
						<method name="&lt;init&gt;" signature="([B[B)V" line-rate="1.0" branch-rate="1.0">
							<lines>
								<line number="95" hits="139" branch="false"/>
								<line number="96" hits="139" branch="true" condition-coverage="100% (4/4)">
									<conditions>
										<condition number="0" type="jump" coverage="100%"/>
										<condition number="1" type="jump" coverage="100%"/>
									</conditions>
								</line>
								<line number="97" hits="2" branch="false"/>
								<line number="98" hits="137" branch="true" condition-coverage="100% (4/4)">
									<conditions>
										<condition number="0" type="jump" coverage="100%"/>
										<condition number="1" type="jump" coverage="100%"/>
									</conditions>
								</line>
								<line number="99" hits="3" branch="false"/>
								<line number="102" hits="134" branch="false"/>
								<line number="104" hits="134" branch="false"/>
								<line number="105" hits="134" branch="false"/>
								<line number="106" hits="134" branch="false"/>
								<line number="108" hits="134" branch="true" condition-coverage="100% (2/2)">
									<conditions>
										<condition number="0" type="jump" coverage="100%"/>
									</conditions>
								</line>
								<line number="109" hits="53" branch="false"/>
								<line number="112" hits="81" branch="false"/>
								<line number="113" hits="81" branch="false"/>
								<line number="114" hits="81" branch="false"/>
								<line number="122" hits="134" branch="false"/>
								<line number="123" hits="134" branch="false"/>
								<line number="124" hits="134" branch="false"/>
							</lines>
						</method>
						<method name="blockFunction" signature="(III)V" line-rate="1.0" branch-rate="1.0">
							<lines>
								<line number="247" hits="38323" branch="false"/>
								<line number="248" hits="38323" branch="false"/>
								<line number="249" hits="38323" branch="false"/>
								<line number="250" hits="38323" branch="false"/>
								<line number="251" hits="38323" branch="false"/>
								<line number="253" hits="38323" branch="false"/>
								<line number="254" hits="38323" branch="false"/>
								<line number="255" hits="38323" branch="false"/>
								<line number="256" hits="38323" branch="false"/>
								<line number="257" hits="38323" branch="false"/>
								<line number="258" hits="38323" branch="false"/>
								<line number="259" hits="38323" branch="false"/>
								<line number="260" hits="38323" branch="false"/>
								<line number="261" hits="38323" branch="false"/>
								<line number="262" hits="38323" branch="false"/>
								<line number="264" hits="38323" branch="false"/>
								<line number="265" hits="38323" branch="false"/>
								<line number="266" hits="38323" branch="false"/>
								<line number="267" hits="38323" branch="false"/>
								<line number="268" hits="38323" branch="false"/>
								<line number="269" hits="38323" branch="false"/>
								<line number="270" hits="38323" branch="false"/>
								<line number="271" hits="38323" branch="false"/>
								<line number="272" hits="38323" branch="false"/>
								<line number="273" hits="38323" branch="false"/>
								<line number="275" hits="38323" branch="false"/>
								<line number="276" hits="38323" branch="false"/>
								<line number="277" hits="38323" branch="false"/>
								<line number="278" hits="38323" branch="false"/>
								<line number="279" hits="38323" branch="false"/>
								<line number="280" hits="38323" branch="false"/>
								<line number="281" hits="38323" branch="false"/>
								<line number="282" hits="38323" branch="false"/>
								<line number="283" hits="38323" branch="false"/>
								<line number="284" hits="38323" branch="false"/>
								<line number="286" hits="38323" branch="false"/>
								<line number="287" hits="38323" branch="false"/>
								<line number="288" hits="38323" branch="false"/>
								<line number="289" hits="38323" branch="false"/>
								<line number="290" hits="38323" branch="false"/>
								<line number="291" hits="38323" branch="false"/>
								<line number="292" hits="38323" branch="false"/>
								<line number="293" hits="38323" branch="false"/>
								<line number="294" hits="38323" branch="false"/>
								<line number="295" hits="38323" branch="false"/>
								<line number="297" hits="38323" branch="false"/>
								<line number="298" hits="38323" branch="false"/>
								<line number="299" hits="38323" branch="false"/>
								<line number="300" hits="38323" branch="false"/>
								<line number="301" hits="38323" branch="false"/>
								<line number="302" hits="38323" branch="false"/>
							</lines>
						</method>
						<method name="bufferSize" signature="()I" line-rate="1.0" branch-rate="1.0">
							<lines>
								<line number="451" hits="12" branch="true" condition-coverage="100% (2/2)">
									<conditions>
										<condition number="0" type="jump" coverage="100%"/>
									</conditions>
								</line>
								<line number="452" hits="1" branch="false"/>
								<line number="455" hits="11" branch="true" condition-coverage="100% (2/2)">
									<conditions>
										<condition number="0" type="jump" coverage="100%"/>
									</conditions>
								</line>
							</lines>
						</method>
						<method name="bytesToInts" signature="([B)[I" line-rate="1.0" branch-rate="1.0">
							<lines>
								<line number="196" hits="123" branch="false"/>
								<line number="197" hits="123" branch="false"/>
								<line number="199" hits="123" branch="false"/>
							</lines>
						</method>
						<method name="bytesToInts" signature="([BII[II)V" line-rate="1.0" branch-rate="1.0">
							<lines>
								<line number="209" hits="391" branch="false"/>
								<line number="210" hits="391" branch="false"/>
								<line number="211" hits="2486" branch="true" condition-coverage="100% (2/2)">
									<conditions>
										<condition number="0" type="jump" coverage="100%"/>
									</conditions>
								</line>
								<line number="212" hits="2095" branch="false"/>
								<line number="215" hits="391" branch="false"/>
							</lines>
						</method>
						<method name="clearState" signature="()V" line-rate="1.0" branch-rate="1.0">
							<lines>
								<line number="601" hits="50" branch="false"/>
								<line number="603" hits="50" branch="false"/>
								<line number="604" hits="50" branch="false"/>
								<line number="606" hits="50" branch="false"/>
								<line number="607" hits="50" branch="false"/>
								<line number="609" hits="50" branch="false"/>
								<line number="610" hits="50" branch="false"/>
								<line number="612" hits="50" branch="false"/>
								<line number="613" hits="50" branch="false"/>
								<line number="615" hits="50" branch="false"/>
								<line number="617" hits="50" branch="false"/>
								<line number="619" hits="50" branch="false"/>
								<line number="621" hits="50" branch="false"/>
								<line number="622" hits="50" branch="false"/>
							</lines>
						</method>
						<method name="doBlock" signature="(I)V" line-rate="1.0" branch-rate="1.0">
							<lines>
								<line number="321" hits="37251" branch="false"/>
								<line number="323" hits="37251" branch="false"/>
								<line number="325" hits="37251" branch="false"/>
								<line number="326" hits="37251" branch="true" condition-coverage="100% (2/2)">
									<conditions>
										<condition number="0" type="jump" coverage="100%"/>
									</conditions>
								</line>
								<line number="327" hits="9298" branch="false"/>
								<line number="329" hits="37251" branch="false"/>
								<line number="331" hits="37251" branch="false"/>
								<line number="333" hits="37251" branch="false"/>
								<line number="334" hits="37251" branch="false"/>
							</lines>
						</method>
						<method name="feed" signature="([B)[B" line-rate="1.0" branch-rate="1.0">
							<lines>
								<line number="353" hits="125" branch="true" condition-coverage="100% (2/2)">
									<conditions>
										<condition number="0" type="jump" coverage="100%"/>
									</conditions>
								</line>
								<line number="354" hits="1" branch="false"/>
								<line number="357" hits="124" branch="false"/>
							</lines>
						</method>
						<method name="feed" signature="([BI)[B" line-rate="0.9615384615384616" branch-rate="0.9">
							<lines>
								<line number="369" hits="155" branch="true" condition-coverage="100% (2/2)">
									<conditions>
										<condition number="0" type="jump" coverage="100%"/>
									</conditions>
								</line>
								<line number="370" hits="2" branch="false"/>
								<line number="373" hits="153" branch="false"/>
								<line number="379" hits="153" branch="false"/>
								<line number="380" hits="153" branch="true" condition-coverage="100% (2/2)">
									<conditions>
										<condition number="0" type="jump" coverage="100%"/>
									</conditions>
								</line>
								<line number="381" hits="41" branch="false"/>
								<line number="382" hits="41" branch="false"/>
								<line number="383" hits="41" branch="false"/>
								<line number="389" hits="41" branch="false"/>
								<line number="391" hits="112" branch="false"/>
								<line number="392" hits="112" branch="false"/>
								<line number="395" hits="153" branch="false"/>
								<line number="396" hits="153" branch="false"/>
								<line number="402" hits="153" branch="true" condition-coverage="100% (2/2)">
									<conditions>
										<condition number="0" type="jump" coverage="100%"/>
									</conditions>
								</line>
								<line number="403" hits="80" branch="false"/>
								<line number="404" hits="80" branch="false"/>
								<line number="408" hits="153" branch="true" condition-coverage="100% (2/2)">
									<conditions>
										<condition number="0" type="jump" coverage="100%"/>
									</conditions>
								</line>
								<line number="409" hits="30" branch="false"/>
								<line number="412" hits="123" branch="false"/>
								<line number="413" hits="123" branch="false"/>
								<line number="415" hits="123" branch="false"/>
								<line number="416" hits="123" branch="false"/>
								<line number="418" hits="123" branch="false"/>
								<line number="419" hits="123" branch="true" condition-coverage="50% (1/2)">
									<conditions>
										<condition number="0" type="jump" coverage="50%"/>
									</conditions>
								</line>
								<line number="424" hits="0" branch="false"/>
								<line number="427" hits="123" branch="false"/>
							</lines>
						</method>
						<method name="finish" signature="([B)[B" line-rate="0.9428571428571428" branch-rate="0.8571428571428571">
							<lines>
								<line number="479" hits="51" branch="true" condition-coverage="100% (2/2)">
									<conditions>
										<condition number="0" type="jump" coverage="100%"/>
									</conditions>
								</line>
								<line number="480" hits="1" branch="false"/>
								<line number="483" hits="50" branch="false"/>
								<line number="484" hits="50" branch="true" condition-coverage="100% (2/2)">
									<conditions>
										<condition number="0" type="jump" coverage="100%"/>
									</conditions>
								</line>
								<line number="485" hits="17" branch="false"/>
								<line number="491" hits="50" branch="false"/>
								<line number="492" hits="50" branch="true" condition-coverage="100% (2/2)">
									<conditions>
										<condition number="0" type="jump" coverage="100%"/>
									</conditions>
								</line>
								<line number="493" hits="31" branch="false"/>
								<line number="495" hits="31" branch="false"/>
								<line number="496" hits="31" branch="false"/>
								<line number="498" hits="31" branch="false"/>
								<line number="499" hits="31" branch="true" condition-coverage="75% (3/4)">
									<conditions>
										<condition number="0" type="switch" coverage="75%"/>
									</conditions>
								</line>
								<line number="501" hits="18" branch="false"/>
								<line number="502" hits="18" branch="false"/>
								<line number="504" hits="7" branch="false"/>
								<line number="505" hits="7" branch="false"/>
								<line number="507" hits="6" branch="false"/>
								<line number="508" hits="6" branch="false"/>
								<line number="514" hits="0" branch="false"/>
								<line number="522" hits="31" branch="false"/>
								<line number="524" hits="31" branch="false"/>
								<line number="525" hits="31" branch="true" condition-coverage="50% (1/2)">
									<conditions>
										<condition number="0" type="jump" coverage="50%"/>
									</conditions>
								</line>
								<line number="527" hits="0" branch="false"/>
								<line number="530" hits="31" branch="false"/>
								<line number="531" hits="31" branch="false"/>
								<line number="534" hits="31" branch="false"/>
								<line number="537" hits="50" branch="false"/>
								<line number="538" hits="50" branch="true" condition-coverage="100% (2/2)">
									<conditions>
										<condition number="0" type="jump" coverage="100%"/>
									</conditions>
								</line>
								<line number="539" hits="31" branch="false"/>
								<line number="540" hits="31" branch="false"/>
								<line number="541" hits="31" branch="false"/>
								<line number="543" hits="19" branch="false"/>
								<line number="547" hits="50" branch="false"/>
								<line number="548" hits="50" branch="false"/>
								<line number="550" hits="50" branch="false"/>
							</lines>
						</method>
						<method name="getGeneratedMac" signature="()[B" line-rate="1.0" branch-rate="0.75">
							<lines>
								<line number="582" hits="45" branch="true" condition-coverage="75% (3/4)">
									<conditions>
										<condition number="0" type="jump" coverage="100%"/>
										<condition number="1" type="jump" coverage="50%"/>
									</conditions>
								</line>
								<line number="583" hits="1" branch="false"/>
								<line number="586" hits="44" branch="false"/>
								<line number="587" hits="44" branch="false"/>
								<line number="589" hits="44" branch="false"/>
							</lines>
						</method>
						<method name="getWorkingKey" signature="()[B" line-rate="0.8" branch-rate="0.5">
							<lines>
								<line number="631" hits="3" branch="true" condition-coverage="50% (1/2)">
									<conditions>
										<condition number="0" type="jump" coverage="50%"/>
									</conditions>
								</line>
								<line number="632" hits="0" branch="false"/>
								<line number="635" hits="3" branch="false"/>
								<line number="636" hits="3" branch="false"/>
								<line number="637" hits="3" branch="false"/>
							</lines>
						</method>
						<method name="intsToBytes" signature="([I)[B" line-rate="1.0" branch-rate="1.0">
							<lines>
								<line number="224" hits="307" branch="false"/>
								<line number="225" hits="307" branch="false"/>
								<line number="226" hits="307" branch="false"/>
								<line number="228" hits="307" branch="false"/>
								<line number="230" hits="2066" branch="true" condition-coverage="100% (2/2)">
									<conditions>
										<condition number="0" type="jump" coverage="100%"/>
									</conditions>
								</line>
								<line number="231" hits="1759" branch="false"/>
								<line number="232" hits="1759" branch="false"/>
								<line number="233" hits="1759" branch="false"/>
								<line number="234" hits="1759" branch="false"/>
								<line number="235" hits="1759" branch="false"/>
								<line number="238" hits="307" branch="false"/>
							</lines>
						</method>
						<method name="keyMixing" signature="()[B" line-rate="1.0" branch-rate="1.0">
							<lines>
								<line number="131" hits="134" branch="false"/>
								<line number="132" hits="134" branch="false"/>
								<line number="134" hits="1206" branch="true" condition-coverage="100% (2/2)">
									<conditions>
										<condition number="0" type="jump" coverage="100%"/>
									</conditions>
								</line>
								<line number="135" hits="1072" branch="false"/>
								<line number="136" hits="1072" branch="false"/>
								<line number="138" hits="1072" branch="false"/>
								<line number="140" hits="1072" branch="false"/>
								<line number="142" hits="1072" branch="false"/>
								<line number="143" hits="1072" branch="false"/>
								<line number="144" hits="1072" branch="false"/>
								<line number="145" hits="1072" branch="false"/>
								<line number="147" hits="1072" branch="false"/>
								<line number="154" hits="134" branch="false"/>
							</lines>
						</method>
						<method name="macFunction" signature="()[B" line-rate="1.0" branch-rate="1.0">
							<lines>
								<line number="555" hits="50" branch="false"/>
								<line number="557" hits="50" branch="false"/>
								<line number="559" hits="450" branch="true" condition-coverage="100% (2/2)">
									<conditions>
										<condition number="0" type="jump" coverage="100%"/>
									</conditions>
								</line>
								<line number="560" hits="400" branch="false"/>
								<line number="563" hits="50" branch="false"/>
								<line number="564" hits="250" branch="true" condition-coverage="100% (2/2)">
									<conditions>
										<condition number="0" type="jump" coverage="100%"/>
									</conditions>
								</line>
								<line number="565" hits="200" branch="false"/>
								<line number="566" hits="200" branch="false"/>
								<line number="569" hits="50" branch="false"/>
							</lines>
						</method>
						<method name="nextStateWord" signature="()I" line-rate="1.0" branch-rate="1.0">
							<lines>
								<line number="311" hits="35579" branch="false"/>
							</lines>
						</method>
						<method name="nonceMixing" signature="([B)V" line-rate="1.0" branch-rate="1.0">
							<lines>
								<line number="163" hits="134" branch="false"/>
								<line number="164" hits="134" branch="false"/>
								<line number="166" hits="670" branch="true" condition-coverage="100% (2/2)">
									<conditions>
										<condition number="0" type="jump" coverage="100%"/>
									</conditions>
								</line>
								<line number="167" hits="536" branch="false"/>
								<line number="170" hits="134" branch="false"/>
								<line number="171" hits="1206" branch="true" condition-coverage="100% (2/2)">
									<conditions>
										<condition number="0" type="jump" coverage="100%"/>
									</conditions>
								</line>
								<line number="172" hits="1072" branch="true" condition-coverage="100% (2/2)">
									<conditions>
										<condition number="0" type="jump" coverage="100%"/>
									</conditions>
								</line>
								<line number="173" hits="1072" branch="false"/>
								<line number="176" hits="134" branch="false"/>
								<line number="177" hits="134" branch="false"/>
								<line number="178" hits="134" branch="false"/>
								<line number="179" hits="134" branch="false"/>
								<line number="180" hits="134" branch="false"/>
								<line number="182" hits="134" branch="false"/>
								<line number="184" hits="1206" branch="true" condition-coverage="100% (2/2)">
									<conditions>
										<condition number="0" type="jump" coverage="100%"/>
									</conditions>
								</line>
								<line number="185" hits="1072" branch="false"/>
								<line number="187" hits="134" branch="false"/>
							</lines>
						</method>
					</methods>
					<lines>
						<line number="95" hits="139" branch="false"/>
						<line number="96" hits="139" branch="true" condition-coverage="100% (4/4)">
							<conditions>
								<condition number="0" type="jump" coverage="100%"/>
								<condition number="1" type="jump" coverage="100%"/>
							</conditions>
						</line>
						<line number="97" hits="2" branch="false"/>
						<line number="98" hits="137" branch="true" condition-coverage="100% (4/4)">
							<conditions>
								<condition number="0" type="jump" coverage="100%"/>
								<condition number="1" type="jump" coverage="100%"/>
							</conditions>
						</line>
						<line number="99" hits="3" branch="false"/>
						<line number="102" hits="134" branch="false"/>
						<line number="104" hits="134" branch="false"/>
						<line number="105" hits="134" branch="false"/>
						<line number="106" hits="134" branch="false"/>
						<line number="108" hits="134" branch="true" condition-coverage="100% (2/2)">
							<conditions>
								<condition number="0" type="jump" coverage="100%"/>
							</conditions>
						</line>
						<line number="109" hits="53" branch="false"/>
						<line number="112" hits="81" branch="false"/>
						<line number="113" hits="81" branch="false"/>
						<line number="114" hits="81" branch="false"/>
						<line number="122" hits="134" branch="false"/>
						<line number="123" hits="134" branch="false"/>
						<line number="124" hits="134" branch="false"/>
						<line number="131" hits="134" branch="false"/>
						<line number="132" hits="134" branch="false"/>
						<line number="134" hits="1206" branch="true" condition-coverage="100% (2/2)">
							<conditions>
								<condition number="0" type="jump" coverage="100%"/>
							</conditions>
						</line>
						<line number="135" hits="1072" branch="false"/>
						<line number="136" hits="1072" branch="false"/>
						<line number="138" hits="1072" branch="false"/>
						<line number="140" hits="1072" branch="false"/>
						<line number="142" hits="1072" branch="false"/>
						<line number="143" hits="1072" branch="false"/>
						<line number="144" hits="1072" branch="false"/>
						<line number="145" hits="1072" branch="false"/>
						<line number="147" hits="1072" branch="false"/>
						<line number="154" hits="134" branch="false"/>
						<line number="163" hits="134" branch="false"/>
						<line number="164" hits="134" branch="false"/>
						<line number="166" hits="670" branch="true" condition-coverage="100% (2/2)">
							<conditions>
								<condition number="0" type="jump" coverage="100%"/>
							</conditions>
						</line>
						<line number="167" hits="536" branch="false"/>
						<line number="170" hits="134" branch="false"/>
						<line number="171" hits="1206" branch="true" condition-coverage="100% (2/2)">
							<conditions>
								<condition number="0" type="jump" coverage="100%"/>
							</conditions>
						</line>
						<line number="172" hits="1072" branch="true" condition-coverage="100% (2/2)">
							<conditions>
								<condition number="0" type="jump" coverage="100%"/>
							</conditions>
						</line>
						<line number="173" hits="1072" branch="false"/>
						<line number="176" hits="134" branch="false"/>
						<line number="177" hits="134" branch="false"/>
						<line number="178" hits="134" branch="false"/>
						<line number="179" hits="134" branch="false"/>
						<line number="180" hits="134" branch="false"/>
						<line number="182" hits="134" branch="false"/>
						<line number="184" hits="1206" branch="true" condition-coverage="100% (2/2)">
							<conditions>
								<condition number="0" type="jump" coverage="100%"/>
							</conditions>
						</line>
						<line number="185" hits="1072" branch="false"/>
						<line number="187" hits="134" branch="false"/>
						<line number="196" hits="123" branch="false"/>
						<line number="197" hits="123" branch="false"/>
						<line number="199" hits="123" branch="false"/>
						<line number="209" hits="391" branch="false"/>
						<line number="210" hits="391" branch="false"/>
						<line number="211" hits="2486" branch="true" condition-coverage="100% (2/2)">
							<conditions>
								<condition number="0" type="jump" coverage="100%"/>
							</conditions>
						</line>
						<line number="212" hits="2095" branch="false"/>
						<line number="215" hits="391" branch="false"/>
						<line number="224" hits="307" branch="false"/>
						<line number="225" hits="307" branch="false"/>
						<line number="226" hits="307" branch="false"/>
						<line number="228" hits="307" branch="false"/>
						<line number="230" hits="2066" branch="true" condition-coverage="100% (2/2)">
							<conditions>
								<condition number="0" type="jump" coverage="100%"/>
							</conditions>
						</line>
						<line number="231" hits="1759" branch="false"/>
						<line number="232" hits="1759" branch="false"/>
						<line number="233" hits="1759" branch="false"/>
						<line number="234" hits="1759" branch="false"/>
						<line number="235" hits="1759" branch="false"/>
						<line number="238" hits="307" branch="false"/>
						<line number="247" hits="38323" branch="false"/>
						<line number="248" hits="38323" branch="false"/>
						<line number="249" hits="38323" branch="false"/>
						<line number="250" hits="38323" branch="false"/>
						<line number="251" hits="38323" branch="false"/>
						<line number="253" hits="38323" branch="false"/>
						<line number="254" hits="38323" branch="false"/>
						<line number="255" hits="38323" branch="false"/>
						<line number="256" hits="38323" branch="false"/>
						<line number="257" hits="38323" branch="false"/>
						<line number="258" hits="38323" branch="false"/>
						<line number="259" hits="38323" branch="false"/>
						<line number="260" hits="38323" branch="false"/>
						<line number="261" hits="38323" branch="false"/>
						<line number="262" hits="38323" branch="false"/>
						<line number="264" hits="38323" branch="false"/>
						<line number="265" hits="38323" branch="false"/>
						<line number="266" hits="38323" branch="false"/>
						<line number="267" hits="38323" branch="false"/>
						<line number="268" hits="38323" branch="false"/>
						<line number="269" hits="38323" branch="false"/>
						<line number="270" hits="38323" branch="false"/>
						<line number="271" hits="38323" branch="false"/>
						<line number="272" hits="38323" branch="false"/>
						<line number="273" hits="38323" branch="false"/>
						<line number="275" hits="38323" branch="false"/>
						<line number="276" hits="38323" branch="false"/>
						<line number="277" hits="38323" branch="false"/>
						<line number="278" hits="38323" branch="false"/>
						<line number="279" hits="38323" branch="false"/>
						<line number="280" hits="38323" branch="false"/>
						<line number="281" hits="38323" branch="false"/>
						<line number="282" hits="38323" branch="false"/>
						<line number="283" hits="38323" branch="false"/>
						<line number="284" hits="38323" branch="false"/>
						<line number="286" hits="38323" branch="false"/>
						<line number="287" hits="38323" branch="false"/>
						<line number="288" hits="38323" branch="false"/>
						<line number="289" hits="38323" branch="false"/>
						<line number="290" hits="38323" branch="false"/>
						<line number="291" hits="38323" branch="false"/>
						<line number="292" hits="38323" branch="false"/>
						<line number="293" hits="38323" branch="false"/>
						<line number="294" hits="38323" branch="false"/>
						<line number="295" hits="38323" branch="false"/>
						<line number="297" hits="38323" branch="false"/>
						<line number="298" hits="38323" branch="false"/>
						<line number="299" hits="38323" branch="false"/>
						<line number="300" hits="38323" branch="false"/>
						<line number="301" hits="38323" branch="false"/>
						<line number="302" hits="38323" branch="false"/>
						<line number="311" hits="35579" branch="false"/>
						<line number="321" hits="37251" branch="false"/>
						<line number="323" hits="37251" branch="false"/>
						<line number="325" hits="37251" branch="false"/>
						<line number="326" hits="37251" branch="true" condition-coverage="100% (2/2)">
							<conditions>
								<condition number="0" type="jump" coverage="100%"/>
							</conditions>
						</line>
						<line number="327" hits="9298" branch="false"/>
						<line number="329" hits="37251" branch="false"/>
						<line number="331" hits="37251" branch="false"/>
						<line number="333" hits="37251" branch="false"/>
						<line number="334" hits="37251" branch="false"/>
						<line number="353" hits="125" branch="true" condition-coverage="100% (2/2)">
							<conditions>
								<condition number="0" type="jump" coverage="100%"/>
							</conditions>
						</line>
						<line number="354" hits="1" branch="false"/>
						<line number="357" hits="124" branch="false"/>
						<line number="369" hits="155" branch="true" condition-coverage="100% (2/2)">
							<conditions>
								<condition number="0" type="jump" coverage="100%"/>
							</conditions>
						</line>
						<line number="370" hits="2" branch="false"/>
						<line number="373" hits="153" branch="false"/>
						<line number="379" hits="153" branch="false"/>
						<line number="380" hits="153" branch="true" condition-coverage="100% (2/2)">
							<conditions>
								<condition number="0" type="jump" coverage="100%"/>
							</conditions>
						</line>
						<line number="381" hits="41" branch="false"/>
						<line number="382" hits="41" branch="false"/>
						<line number="383" hits="41" branch="false"/>
						<line number="389" hits="41" branch="false"/>
						<line number="391" hits="112" branch="false"/>
						<line number="392" hits="112" branch="false"/>
						<line number="395" hits="153" branch="false"/>
						<line number="396" hits="153" branch="false"/>
						<line number="402" hits="153" branch="true" condition-coverage="100% (2/2)">
							<conditions>
								<condition number="0" type="jump" coverage="100%"/>
							</conditions>
						</line>
						<line number="403" hits="80" branch="false"/>
						<line number="404" hits="80" branch="false"/>
						<line number="408" hits="153" branch="true" condition-coverage="100% (2/2)">
							<conditions>
								<condition number="0" type="jump" coverage="100%"/>
							</conditions>
						</line>
						<line number="409" hits="30" branch="false"/>
						<line number="412" hits="123" branch="false"/>
						<line number="413" hits="123" branch="false"/>
						<line number="415" hits="123" branch="false"/>
						<line number="416" hits="123" branch="false"/>
						<line number="418" hits="123" branch="false"/>
						<line number="419" hits="123" branch="true" condition-coverage="50% (1/2)">
							<conditions>
								<condition number="0" type="jump" coverage="50%"/>
							</conditions>
						</line>
						<line number="424" hits="0" branch="false"/>
						<line number="427" hits="123" branch="false"/>
						<line number="451" hits="12" branch="true" condition-coverage="100% (2/2)">
							<conditions>
								<condition number="0" type="jump" coverage="100%"/>
							</conditions>
						</line>
						<line number="452" hits="1" branch="false"/>
						<line number="455" hits="11" branch="true" condition-coverage="100% (2/2)">
							<conditions>
								<condition number="0" type="jump" coverage="100%"/>
							</conditions>
						</line>
						<line number="479" hits="51" branch="true" condition-coverage="100% (2/2)">
							<conditions>
								<condition number="0" type="jump" coverage="100%"/>
							</conditions>
						</line>
						<line number="480" hits="1" branch="false"/>
						<line number="483" hits="50" branch="false"/>
						<line number="484" hits="50" branch="true" condition-coverage="100% (2/2)">
							<conditions>
								<condition number="0" type="jump" coverage="100%"/>
							</conditions>
						</line>
						<line number="485" hits="17" branch="false"/>
						<line number="491" hits="50" branch="false"/>
						<line number="492" hits="50" branch="true" condition-coverage="100% (2/2)">
							<conditions>
								<condition number="0" type="jump" coverage="100%"/>
							</conditions>
						</line>
						<line number="493" hits="31" branch="false"/>
						<line number="495" hits="31" branch="false"/>
						<line number="496" hits="31" branch="false"/>
						<line number="498" hits="31" branch="false"/>
						<line number="499" hits="31" branch="true" condition-coverage="75% (3/4)">
							<conditions>
								<condition number="0" type="switch" coverage="75%"/>
							</conditions>
						</line>
						<line number="501" hits="18" branch="false"/>
						<line number="502" hits="18" branch="false"/>
						<line number="504" hits="7" branch="false"/>
						<line number="505" hits="7" branch="false"/>
						<line number="507" hits="6" branch="false"/>
						<line number="508" hits="6" branch="false"/>
						<line number="514" hits="0" branch="false"/>
						<line number="522" hits="31" branch="false"/>
						<line number="524" hits="31" branch="false"/>
						<line number="525" hits="31" branch="true" condition-coverage="50% (1/2)">
							<conditions>
								<condition number="0" type="jump" coverage="50%"/>
							</conditions>
						</line>
						<line number="527" hits="0" branch="false"/>
						<line number="530" hits="31" branch="false"/>
						<line number="531" hits="31" branch="false"/>
						<line number="534" hits="31" branch="false"/>
						<line number="537" hits="50" branch="false"/>
						<line number="538" hits="50" branch="true" condition-coverage="100% (2/2)">
							<conditions>
								<condition number="0" type="jump" coverage="100%"/>
							</conditions>
						</line>
						<line number="539" hits="31" branch="false"/>
						<line number="540" hits="31" branch="false"/>
						<line number="541" hits="31" branch="false"/>
						<line number="543" hits="19" branch="false"/>
						<line number="547" hits="50" branch="false"/>
						<line number="548" hits="50" branch="false"/>
						<line number="550" hits="50" branch="false"/>
						<line number="555" hits="50" branch="false"/>
						<line number="557" hits="50" branch="false"/>
						<line number="559" hits="450" branch="true" condition-coverage="100% (2/2)">
							<conditions>
								<condition number="0" type="jump" coverage="100%"/>
							</conditions>
						</line>
						<line number="560" hits="400" branch="false"/>
						<line number="563" hits="50" branch="false"/>
						<line number="564" hits="250" branch="true" condition-coverage="100% (2/2)">
							<conditions>
								<condition number="0" type="jump" coverage="100%"/>
							</conditions>
						</line>
						<line number="565" hits="200" branch="false"/>
						<line number="566" hits="200" branch="false"/>
						<line number="569" hits="50" branch="false"/>
						<line number="582" hits="45" branch="true" condition-coverage="75% (3/4)">
							<conditions>
								<condition number="0" type="jump" coverage="100%"/>
								<condition number="1" type="jump" coverage="50%"/>
							</conditions>
						</line>
						<line number="583" hits="1" branch="false"/>
						<line number="586" hits="44" branch="false"/>
						<line number="587" hits="44" branch="false"/>
						<line number="589" hits="44" branch="false"/>
						<line number="601" hits="50" branch="false"/>
						<line number="603" hits="50" branch="false"/>
						<line number="604" hits="50" branch="false"/>
						<line number="606" hits="50" branch="false"/>
						<line number="607" hits="50" branch="false"/>
						<line number="609" hits="50" branch="false"/>
						<line number="610" hits="50" branch="false"/>
						<line number="612" hits="50" branch="false"/>
						<line number="613" hits="50" branch="false"/>
						<line number="615" hits="50" branch="false"/>
						<line number="617" hits="50" branch="false"/>
						<line number="619" hits="50" branch="false"/>
						<line number="621" hits="50" branch="false"/>
						<line number="622" hits="50" branch="false"/>
						<line number="631" hits="3" branch="true" condition-coverage="50% (1/2)">
							<conditions>
								<condition number="0" type="jump" coverage="50%"/>
							</conditions>
						</line>
						<line number="632" hits="0" branch="false"/>
						<line number="635" hits="3" branch="false"/>
						<line number="636" hits="3" branch="false"/>
						<line number="637" hits="3" branch="false"/>
					</lines>
				</class>
				<class name="net.ninthtest.crypto.helix.HelixPrimitive" filename="net/ninthtest/crypto/helix/HelixPrimitive.java" line-rate="1.0" branch-rate="1.0" complexity="1.0">
					<methods>
					</methods>
					<lines>
					</lines>
				</class>
				<class name="net.ninthtest.crypto.helix.HelixRandom" filename="net/ninthtest/crypto/helix/HelixRandom.java" line-rate="1.0" branch-rate="1.0" complexity="1.0">
					<methods>
						<method name="&lt;init&gt;" signature="()V" line-rate="1.0" branch-rate="1.0">
							<lines>
								<line number="79" hits="3" branch="false"/>
								<line number="80" hits="3" branch="false"/>
							</lines>
						</method>
						<method name="&lt;init&gt;" signature="(J)V" line-rate="1.0" branch-rate="1.0">
							<lines>
								<line number="89" hits="1" branch="false"/>
								<line number="90" hits="1" branch="false"/>
							</lines>
						</method>
						<method name="initState" signature="(J)V" line-rate="1.0" branch-rate="1.0">
							<lines>
								<line number="109" hits="5" branch="false"/>
								<line number="111" hits="5" branch="false"/>
								<line number="112" hits="5" branch="false"/>
								<line number="114" hits="5" branch="false"/>
								<line number="115" hits="5" branch="false"/>
								<line number="117" hits="5" branch="false"/>
								<line number="118" hits="5" branch="false"/>
							</lines>
						</method>
						<method name="next" signature="(I)I" line-rate="1.0" branch-rate="1.0">
							<lines>
								<line number="136" hits="35098" branch="false"/>
							</lines>
						</method>
						<method name="setSeed" signature="(J)V" line-rate="1.0" branch-rate="1.0">
							<lines>
								<line number="101" hits="5" branch="false"/>
								<line number="102" hits="5" branch="false"/>
							</lines>
						</method>
					</methods>
					<lines>
						<line number="79" hits="3" branch="false"/>
						<line number="80" hits="3" branch="false"/>
						<line number="89" hits="1" branch="false"/>
						<line number="90" hits="1" branch="false"/>
						<line number="101" hits="5" branch="false"/>
						<line number="102" hits="5" branch="false"/>
						<line number="109" hits="5" branch="false"/>
						<line number="111" hits="5" branch="false"/>
						<line number="112" hits="5" branch="false"/>
						<line number="114" hits="5" branch="false"/>
						<line number="115" hits="5" branch="false"/>
						<line number="117" hits="5" branch="false"/>
						<line number="118" hits="5" branch="false"/>
						<line number="136" hits="35098" branch="false"/>
					</lines>
				</class>
			</classes>
		</package>
		<package name="net.ninthtest.crypto.provider.helix" line-rate="0.9605263157894737" branch-rate="0.9923076923076923" complexity="4.616666666666666">
			<classes>
				<class name="net.ninthtest.crypto.provider.helix.HelixAlgorithmParameters" filename="net/ninthtest/crypto/provider/helix/HelixAlgorithmParameters.java" line-rate="1.0" branch-rate="0.9827586206896551" complexity="5.777777777777778">
					<methods>
						<method name="&lt;init&gt;" signature="()V" line-rate="1.0" branch-rate="1.0">
							<lines>
								<line number="59" hits="266" branch="false"/>
								<line number="60" hits="266" branch="false"/>
								<line number="61" hits="266" branch="false"/>
							</lines>
						</method>
						<method name="bytesToHexString" signature="([B)Ljava/lang/String;" line-rate="1.0" branch-rate="1.0">
							<lines>
								<line number="398" hits="3" branch="false"/>
								<line number="400" hits="51" branch="true" condition-coverage="100% (2/2)">
									<conditions>
										<condition number="0" type="jump" coverage="100%"/>
									</conditions>
								</line>
								<line number="401" hits="48" branch="true" condition-coverage="100% (2/2)">
									<conditions>
										<condition number="0" type="jump" coverage="100%"/>
									</conditions>
								</line>
								<line number="402" hits="45" branch="false"/>
								<line number="405" hits="48" branch="false"/>
								<line number="406" hits="48" branch="true" condition-coverage="100% (2/2)">
									<conditions>
										<condition number="0" type="jump" coverage="100%"/>
									</conditions>
								</line>
								<line number="407" hits="1" branch="false"/>
								<line number="410" hits="48" branch="false"/>
								<line number="413" hits="3" branch="false"/>
							</lines>
						</method>
						<method name="engineGetEncoded" signature="()[B" line-rate="1.0" branch-rate="1.0">
							<lines>
								<line number="266" hits="7" branch="false"/>
								<line number="268" hits="7" branch="true" condition-coverage="100% (2/2)">
									<conditions>
										<condition number="0" type="jump" coverage="100%"/>
									</conditions>
								</line>
								<line number="269" hits="1" branch="false"/>
								<line number="270" hits="1" branch="false"/>
								<line number="271" hits="1" branch="false"/>
								<line number="273" hits="1" branch="false"/>
								<line number="275" hits="6" branch="false"/>
								<line number="276" hits="6" branch="false"/>
								<line number="277" hits="6" branch="false"/>
								<line number="279" hits="6" branch="false"/>
								<line number="280" hits="6" branch="false"/>
								<line number="281" hits="6" branch="false"/>
								<line number="283" hits="6" branch="false"/>
								<line number="284" hits="6" branch="false"/>
								<line number="285" hits="6" branch="false"/>
								<line number="288" hits="7" branch="false"/>
							</lines>
						</method>
						<method name="engineGetEncoded" signature="(Ljava/lang/String;)[B" line-rate="1.0" branch-rate="1.0">
							<lines>
								<line number="320" hits="4" branch="true" condition-coverage="100% (6/6)">
									<conditions>
										<condition number="0" type="jump" coverage="100%"/>
										<condition number="1" type="jump" coverage="100%"/>
										<condition number="2" type="jump" coverage="100%"/>
									</conditions>
								</line>
								<line number="321" hits="1" branch="false"/>
								<line number="324" hits="3" branch="false"/>
							</lines>
						</method>
						<method name="engineGetParameterSpec" signature="(Ljava/lang/Class;)Ljava/security/spec/AlgorithmParameterSpec;" line-rate="1.0" branch-rate="1.0">
							<lines>
								<line number="218" hits="75" branch="true" condition-coverage="100% (4/4)">
									<conditions>
										<condition number="0" type="jump" coverage="100%"/>
										<condition number="1" type="jump" coverage="100%"/>
									</conditions>
								</line>
								<line number="219" hits="2" branch="false"/>
								<line number="222" hits="73" branch="true" condition-coverage="100% (2/2)">
									<conditions>
										<condition number="0" type="jump" coverage="100%"/>
									</conditions>
								</line>
								<line number="223" hits="58" branch="false"/>
								<line number="225" hits="15" branch="false"/>
							</lines>
						</method>
						<method name="engineInit" signature="(Ljava/security/spec/AlgorithmParameterSpec;)V" line-rate="1.0" branch-rate="1.0">
							<lines>
								<line number="77" hits="244" branch="true" condition-coverage="100% (4/4)">
									<conditions>
										<condition number="0" type="jump" coverage="100%"/>
										<condition number="1" type="jump" coverage="100%"/>
									</conditions>
								</line>
								<line number="78" hits="2" branch="false"/>
								<line number="81" hits="242" branch="false"/>
								<line number="83" hits="242" branch="false"/>
								<line number="84" hits="242" branch="false"/>
								<line number="85" hits="242" branch="false"/>
							</lines>
						</method>
						<method name="engineInit" signature="([B)V" line-rate="1.0" branch-rate="1.0">
							<lines>
								<line number="127" hits="18" branch="true" condition-coverage="100% (6/6)">
									<conditions>
										<condition number="0" type="jump" coverage="100%"/>
										<condition number="1" type="jump" coverage="100%"/>
										<condition number="2" type="jump" coverage="100%"/>
									</conditions>
								</line>
								<line number="128" hits="3" branch="false"/>
								<line number="131" hits="15" branch="true" condition-coverage="100% (2/2)">
									<conditions>
										<condition number="0" type="jump" coverage="100%"/>
									</conditions>
								</line>
								<line number="132" hits="3" branch="true" condition-coverage="100% (2/2)">
									<conditions>
										<condition number="0" type="jump" coverage="100%"/>
									</conditions>
								</line>
								<line number="133" hits="2" branch="false"/>
								<line number="134" hits="1" branch="false"/>
								<line number="137" hits="2" branch="false"/>
								<line number="138" hits="2" branch="false"/>
								<line number="139" hits="12" branch="true" condition-coverage="100% (2/2)">
									<conditions>
										<condition number="0" type="jump" coverage="100%"/>
									</conditions>
								</line>
								<line number="140" hits="11" branch="true" condition-coverage="100% (2/2)">
									<conditions>
										<condition number="0" type="jump" coverage="100%"/>
									</conditions>
								</line>
								<line number="141" hits="1" branch="false"/>
								<line number="142" hits="10" branch="true" condition-coverage="100% (4/4)">
									<conditions>
										<condition number="0" type="jump" coverage="100%"/>
										<condition number="1" type="jump" coverage="100%"/>
									</conditions>
								</line>
								<line number="143" hits="4" branch="false"/>
								<line number="144" hits="2" branch="false"/>
								<line number="145" hits="8" branch="true" condition-coverage="100% (4/4)">
									<conditions>
										<condition number="0" type="jump" coverage="100%"/>
										<condition number="1" type="jump" coverage="100%"/>
									</conditions>
								</line>
								<line number="146" hits="4" branch="false"/>
								<line number="147" hits="2" branch="false"/>
								<line number="150" hits="6" branch="false"/>
								<line number="151" hits="6" branch="false"/>
								<line number="153" hits="6" branch="false"/>
								<line number="154" hits="6" branch="false"/>
								<line number="156" hits="1" branch="false"/>
								<line number="158" hits="8" branch="false"/>
							</lines>
						</method>
						<method name="engineInit" signature="([BLjava/lang/String;)V" line-rate="1.0" branch-rate="1.0">
							<lines>
								<line number="190" hits="5" branch="true" condition-coverage="100% (6/6)">
									<conditions>
										<condition number="0" type="jump" coverage="100%"/>
										<condition number="1" type="jump" coverage="100%"/>
										<condition number="2" type="jump" coverage="100%"/>
									</conditions>
								</line>
								<line number="191" hits="3" branch="false"/>
								<line number="195" hits="2" branch="false"/>
								<line number="196" hits="1" branch="false"/>
								<line number="197" hits="1" branch="false"/>
								<line number="198" hits="1" branch="false"/>
								<line number="200" hits="4" branch="false"/>
							</lines>
						</method>
						<method name="engineToString" signature="()Ljava/lang/String;" line-rate="1.0" branch-rate="0.8333333333333334">
							<lines>
								<line number="383" hits="3" branch="true" condition-coverage="75% (3/4)">
									<conditions>
										<condition number="0" type="jump" coverage="100%"/>
										<condition number="1" type="jump" coverage="50%"/>
									</conditions>
								</line>
								<line number="384" hits="1" branch="false"/>
								<line number="387" hits="2" branch="true" condition-coverage="100% (2/2)">
									<conditions>
										<condition number="0" type="jump" coverage="100%"/>
									</conditions>
								</line>
								<line number="388" hits="1" branch="false"/>
								<line number="389" hits="1" branch="false"/>
								<line number="391" hits="2" branch="false"/>
								<line number="392" hits="2" branch="false"/>
							</lines>
						</method>
					</methods>
					<lines>
						<line number="59" hits="266" branch="false"/>
						<line number="60" hits="266" branch="false"/>
						<line number="61" hits="266" branch="false"/>
						<line number="77" hits="244" branch="true" condition-coverage="100% (4/4)">
							<conditions>
								<condition number="0" type="jump" coverage="100%"/>
								<condition number="1" type="jump" coverage="100%"/>
							</conditions>
						</line>
						<line number="78" hits="2" branch="false"/>
						<line number="81" hits="242" branch="false"/>
						<line number="83" hits="242" branch="false"/>
						<line number="84" hits="242" branch="false"/>
						<line number="85" hits="242" branch="false"/>
						<line number="127" hits="18" branch="true" condition-coverage="100% (6/6)">
							<conditions>
								<condition number="0" type="jump" coverage="100%"/>
								<condition number="1" type="jump" coverage="100%"/>
								<condition number="2" type="jump" coverage="100%"/>
							</conditions>
						</line>
						<line number="128" hits="3" branch="false"/>
						<line number="131" hits="15" branch="true" condition-coverage="100% (2/2)">
							<conditions>
								<condition number="0" type="jump" coverage="100%"/>
							</conditions>
						</line>
						<line number="132" hits="3" branch="true" condition-coverage="100% (2/2)">
							<conditions>
								<condition number="0" type="jump" coverage="100%"/>
							</conditions>
						</line>
						<line number="133" hits="2" branch="false"/>
						<line number="134" hits="1" branch="false"/>
						<line number="137" hits="2" branch="false"/>
						<line number="138" hits="2" branch="false"/>
						<line number="139" hits="12" branch="true" condition-coverage="100% (2/2)">
							<conditions>
								<condition number="0" type="jump" coverage="100%"/>
							</conditions>
						</line>
						<line number="140" hits="11" branch="true" condition-coverage="100% (2/2)">
							<conditions>
								<condition number="0" type="jump" coverage="100%"/>
							</conditions>
						</line>
						<line number="141" hits="1" branch="false"/>
						<line number="142" hits="10" branch="true" condition-coverage="100% (4/4)">
							<conditions>
								<condition number="0" type="jump" coverage="100%"/>
								<condition number="1" type="jump" coverage="100%"/>
							</conditions>
						</line>
						<line number="143" hits="4" branch="false"/>
						<line number="144" hits="2" branch="false"/>
						<line number="145" hits="8" branch="true" condition-coverage="100% (4/4)">
							<conditions>
								<condition number="0" type="jump" coverage="100%"/>
								<condition number="1" type="jump" coverage="100%"/>
							</conditions>
						</line>
						<line number="146" hits="4" branch="false"/>
						<line number="147" hits="2" branch="false"/>
						<line number="150" hits="6" branch="false"/>
						<line number="151" hits="6" branch="false"/>
						<line number="153" hits="6" branch="false"/>
						<line number="154" hits="6" branch="false"/>
						<line number="156" hits="1" branch="false"/>
						<line number="158" hits="8" branch="false"/>
						<line number="190" hits="5" branch="true" condition-coverage="100% (6/6)">
							<conditions>
								<condition number="0" type="jump" coverage="100%"/>
								<condition number="1" type="jump" coverage="100%"/>
								<condition number="2" type="jump" coverage="100%"/>
							</conditions>
						</line>
						<line number="191" hits="3" branch="false"/>
						<line number="195" hits="2" branch="false"/>
						<line number="196" hits="1" branch="false"/>
						<line number="197" hits="1" branch="false"/>
						<line number="198" hits="1" branch="false"/>
						<line number="200" hits="4" branch="false"/>
						<line number="218" hits="75" branch="true" condition-coverage="100% (4/4)">
							<conditions>
								<condition number="0" type="jump" coverage="100%"/>
								<condition number="1" type="jump" coverage="100%"/>
							</conditions>
						</line>
						<line number="219" hits="2" branch="false"/>
						<line number="222" hits="73" branch="true" condition-coverage="100% (2/2)">
							<conditions>
								<condition number="0" type="jump" coverage="100%"/>
							</conditions>
						</line>
						<line number="223" hits="58" branch="false"/>
						<line number="225" hits="15" branch="false"/>
						<line number="266" hits="7" branch="false"/>
						<line number="268" hits="7" branch="true" condition-coverage="100% (2/2)">
							<conditions>
								<condition number="0" type="jump" coverage="100%"/>
							</conditions>
						</line>
						<line number="269" hits="1" branch="false"/>
						<line number="270" hits="1" branch="false"/>
						<line number="271" hits="1" branch="false"/>
						<line number="273" hits="1" branch="false"/>
						<line number="275" hits="6" branch="false"/>
						<line number="276" hits="6" branch="false"/>
						<line number="277" hits="6" branch="false"/>
						<line number="279" hits="6" branch="false"/>
						<line number="280" hits="6" branch="false"/>
						<line number="281" hits="6" branch="false"/>
						<line number="283" hits="6" branch="false"/>
						<line number="284" hits="6" branch="false"/>
						<line number="285" hits="6" branch="false"/>
						<line number="288" hits="7" branch="false"/>
						<line number="320" hits="4" branch="true" condition-coverage="100% (6/6)">
							<conditions>
								<condition number="0" type="jump" coverage="100%"/>
								<condition number="1" type="jump" coverage="100%"/>
								<condition number="2" type="jump" coverage="100%"/>
							</conditions>
						</line>
						<line number="321" hits="1" branch="false"/>
						<line number="324" hits="3" branch="false"/>
						<line number="383" hits="3" branch="true" condition-coverage="75% (3/4)">
							<conditions>
								<condition number="0" type="jump" coverage="100%"/>
								<condition number="1" type="jump" coverage="50%"/>
							</conditions>
						</line>
						<line number="384" hits="1" branch="false"/>
						<line number="387" hits="2" branch="true" condition-coverage="100% (2/2)">
							<conditions>
								<condition number="0" type="jump" coverage="100%"/>
							</conditions>
						</line>
						<line number="388" hits="1" branch="false"/>
						<line number="389" hits="1" branch="false"/>
						<line number="391" hits="2" branch="false"/>
						<line number="392" hits="2" branch="false"/>
						<line number="398" hits="3" branch="false"/>
						<line number="400" hits="51" branch="true" condition-coverage="100% (2/2)">
							<conditions>
								<condition number="0" type="jump" coverage="100%"/>
							</conditions>
						</line>
						<line number="401" hits="48" branch="true" condition-coverage="100% (2/2)">
							<conditions>
								<condition number="0" type="jump" coverage="100%"/>
							</conditions>
						</line>
						<line number="402" hits="45" branch="false"/>
						<line number="405" hits="48" branch="false"/>
						<line number="406" hits="48" branch="true" condition-coverage="100% (2/2)">
							<conditions>
								<condition number="0" type="jump" coverage="100%"/>
							</conditions>
						</line>
						<line number="407" hits="1" branch="false"/>
						<line number="410" hits="48" branch="false"/>
						<line number="413" hits="3" branch="false"/>
					</lines>
				</class>
				<class name="net.ninthtest.crypto.provider.helix.HelixCipher" filename="net/ninthtest/crypto/provider/helix/HelixCipher.java" line-rate="0.9171597633136095" branch-rate="0.9912280701754386" complexity="5.809523809523809">
					<methods>
						<method name="&lt;clinit&gt;" signature="()V" line-rate="1.0" branch-rate="1.0">
							<lines>
								<line number="68" hits="1" branch="false"/>
							</lines>
						</method>
						<method name="&lt;init&gt;" signature="()V" line-rate="1.0" branch-rate="1.0">
							<lines>
								<line number="74" hits="99" branch="false"/>
								<line number="89" hits="99" branch="false"/>
								<line number="90" hits="99" branch="false"/>
								<line number="91" hits="99" branch="false"/>
							</lines>
						</method>
						<method name="checkParameterSpec" signature="(ILnet/ninthtest/crypto/provider/helix/HelixParameterSpec;)V" line-rate="1.0" branch-rate="1.0">
							<lines>
								<line number="360" hits="66" branch="false"/>
								<line number="361" hits="66" branch="true" condition-coverage="100% (2/2)">
									<conditions>
										<condition number="0" type="jump" coverage="100%"/>
									</conditions>
								</line>
								<line number="362" hits="16" branch="true" condition-coverage="100% (4/4)">
									<conditions>
										<condition number="0" type="jump" coverage="100%"/>
										<condition number="1" type="jump" coverage="100%"/>
									</conditions>
								</line>
								<line number="363" hits="4" branch="false"/>
								<line number="364" hits="12" branch="true" condition-coverage="100% (2/2)">
									<conditions>
										<condition number="0" type="jump" coverage="100%"/>
									</conditions>
								</line>
								<line number="365" hits="2" branch="false"/>
								<line number="368" hits="60" branch="false"/>
							</lines>
						</method>
						<method name="createHelixAlgorithmParameters" signature="(Lnet/ninthtest/crypto/provider/helix/HelixParameterSpec;)Ljava/security/AlgorithmParameters;" line-rate="1.0" branch-rate="1.0">
							<lines>
								<line number="373" hits="34" branch="false"/>
								<line number="378" hits="34" branch="false"/>
								<line number="380" hits="34" branch="false"/>
							</lines>
						</method>
						<method name="engineDoFinal" signature="([BII)[B" line-rate="1.0" branch-rate="1.0">
							<lines>
								<line number="688" hits="20" branch="true" condition-coverage="100% (2/2)">
									<conditions>
										<condition number="0" type="jump" coverage="100%"/>
									</conditions>
								</line>
								<line number="689" hits="1" branch="false"/>
								<line number="690" hits="19" branch="true" condition-coverage="100% (4/4)">
									<conditions>
										<condition number="0" type="jump" coverage="100%"/>
										<condition number="1" type="jump" coverage="100%"/>
									</conditions>
								</line>
								<line number="691" hits="2" branch="false"/>
								<line number="692" hits="17" branch="true" condition-coverage="100% (4/4)">
									<conditions>
										<condition number="0" type="jump" coverage="100%"/>
										<condition number="1" type="jump" coverage="100%"/>
									</conditions>
								</line>
								<line number="693" hits="2" branch="false"/>
								<line number="696" hits="15" branch="false"/>
								<line number="697" hits="15" branch="false"/>
								<line number="704" hits="15" branch="false"/>
								<line number="706" hits="14" branch="true" condition-coverage="100% (2/2)">
									<conditions>
										<condition number="0" type="jump" coverage="100%"/>
									</conditions>
								</line>
								<line number="707" hits="13" branch="false"/>
								<line number="710" hits="14" branch="false"/>
							</lines>
						</method>
						<method name="engineDoFinal" signature="([BII[BI)I" line-rate="1.0" branch-rate="1.0">
							<lines>
								<line number="785" hits="8" branch="true" condition-coverage="100% (2/2)">
									<conditions>
										<condition number="0" type="jump" coverage="100%"/>
									</conditions>
								</line>
								<line number="786" hits="1" branch="false"/>
								<line number="787" hits="7" branch="true" condition-coverage="100% (4/4)">
									<conditions>
										<condition number="0" type="jump" coverage="100%"/>
										<condition number="1" type="jump" coverage="100%"/>
									</conditions>
								</line>
								<line number="788" hits="2" branch="false"/>
								<line number="791" hits="5" branch="false"/>
								<line number="792" hits="5" branch="false"/>
								<line number="794" hits="5" branch="true" condition-coverage="100% (2/2)">
									<conditions>
										<condition number="0" type="jump" coverage="100%"/>
									</conditions>
								</line>
								<line number="795" hits="4" branch="false"/>
								<line number="797" hits="1" branch="false"/>
								<line number="800" hits="4" branch="false"/>
							</lines>
						</method>
						<method name="engineGetBlockSize" signature="()I" line-rate="1.0" branch-rate="1.0">
							<lines>
								<line number="101" hits="1" branch="false"/>
							</lines>
						</method>
						<method name="engineGetIV" signature="()[B" line-rate="0.75" branch-rate="1.0">
							<lines>
								<line number="485" hits="2" branch="true" condition-coverage="100% (2/2)">
									<conditions>
										<condition number="0" type="jump" coverage="100%"/>
									</conditions>
								</line>
								<line number="486" hits="1" branch="false"/>
								<line number="489" hits="1" branch="false"/>
								<line number="491" hits="1" branch="false"/>
								<line number="492" hits="0" branch="false"/>
								<line number="498" hits="0" branch="false"/>
								<line number="499" hits="1" branch="false"/>
								<line number="501" hits="1" branch="false"/>
							</lines>
						</method>
						<method name="engineGetKeySize" signature="(Ljava/security/Key;)I" line-rate="1.0" branch-rate="1.0">
							<lines>
								<line number="117" hits="4" branch="true" condition-coverage="100% (6/6)">
									<conditions>
										<condition number="0" type="jump" coverage="100%"/>
										<condition number="1" type="jump" coverage="100%"/>
										<condition number="2" type="jump" coverage="100%"/>
									</conditions>
								</line>
								<line number="118" hits="3" branch="false"/>
								<line number="121" hits="1" branch="false"/>
							</lines>
						</method>
						<method name="engineGetOutputSize" signature="(I)I" line-rate="1.0" branch-rate="1.0">
							<lines>
								<line number="527" hits="5" branch="true" condition-coverage="100% (2/2)">
									<conditions>
										<condition number="0" type="jump" coverage="100%"/>
									</conditions>
								</line>
								<line number="528" hits="1" branch="false"/>
								<line number="542" hits="4" branch="true" condition-coverage="100% (2/2)">
									<conditions>
										<condition number="0" type="jump" coverage="100%"/>
									</conditions>
								</line>
								<line number="544" hits="3" branch="false"/>
							</lines>
						</method>
						<method name="engineGetParameters" signature="()Ljava/security/AlgorithmParameters;" line-rate="1.0" branch-rate="1.0">
							<lines>
								<line number="461" hits="11" branch="false"/>
							</lines>
						</method>
						<method name="engineInit" signature="(ILjava/security/Key;Ljava/security/AlgorithmParameters;Ljava/security/SecureRandom;)V" line-rate="0.8888888888888888" branch-rate="1.0">
							<lines>
								<line number="306" hits="52" branch="false"/>
								<line number="308" hits="52" branch="true" condition-coverage="100% (6/6)">
									<conditions>
										<condition number="0" type="jump" coverage="100%"/>
										<condition number="1" type="jump" coverage="100%"/>
										<condition number="2" type="jump" coverage="100%"/>
									</conditions>
								</line>
								<line number="309" hits="3" branch="false"/>
								<line number="310" hits="49" branch="true" condition-coverage="100% (4/4)">
									<conditions>
										<condition number="0" type="jump" coverage="100%"/>
										<condition number="1" type="jump" coverage="100%"/>
									</conditions>
								</line>
								<line number="311" hits="47" branch="true" condition-coverage="100% (2/2)">
									<conditions>
										<condition number="0" type="jump" coverage="100%"/>
									</conditions>
								</line>
								<line number="312" hits="3" branch="false"/>
								<line number="315" hits="46" branch="false"/>
								<line number="317" hits="46" branch="false"/>
								<line number="318" hits="0" branch="false"/>
								<line number="319" hits="0" branch="false"/>
								<line number="320" hits="46" branch="false"/>
								<line number="322" hits="46" branch="false"/>
								<line number="324" hits="44" branch="false"/>
								<line number="326" hits="44" branch="false"/>
								<line number="328" hits="44" branch="true" condition-coverage="100% (4/4)">
									<conditions>
										<condition number="0" type="jump" coverage="100%"/>
										<condition number="1" type="jump" coverage="100%"/>
									</conditions>
								</line>
								<line number="329" hits="38" branch="false"/>
								<line number="331" hits="6" branch="false"/>
								<line number="333" hits="44" branch="false"/>
							</lines>
						</method>
						<method name="engineInit" signature="(ILjava/security/Key;Ljava/security/SecureRandom;)V" line-rate="0.875" branch-rate="1.0">
							<lines>
								<line number="158" hits="7" branch="false"/>
								<line number="160" hits="7" branch="true" condition-coverage="100% (4/4)">
									<conditions>
										<condition number="0" type="jump" coverage="100%"/>
										<condition number="1" type="jump" coverage="100%"/>
									</conditions>
								</line>
								<line number="161" hits="2" branch="false"/>
								<line number="162" hits="5" branch="true" condition-coverage="100% (6/6)">
									<conditions>
										<condition number="0" type="jump" coverage="100%"/>
										<condition number="1" type="jump" coverage="100%"/>
										<condition number="2" type="jump" coverage="100%"/>
									</conditions>
								</line>
								<line number="163" hits="3" branch="false"/>
								<line number="166" hits="2" branch="false"/>
								<line number="168" hits="2" branch="false"/>
								<line number="169" hits="2" branch="true" condition-coverage="100% (2/2)">
									<conditions>
										<condition number="0" type="jump" coverage="100%"/>
									</conditions>
								</line>
								<line number="170" hits="1" branch="false"/>
								<line number="172" hits="1" branch="false"/>
								<line number="176" hits="2" branch="false"/>
								<line number="177" hits="0" branch="false"/>
								<line number="178" hits="0" branch="false"/>
								<line number="179" hits="2" branch="false"/>
								<line number="181" hits="2" branch="false"/>
								<line number="182" hits="2" branch="false"/>
							</lines>
						</method>
						<method name="engineInit" signature="(ILjava/security/Key;Ljava/security/spec/AlgorithmParameterSpec;Ljava/security/SecureRandom;)V" line-rate="0.875" branch-rate="1.0">
							<lines>
								<line number="232" hits="25" branch="false"/>
								<line number="234" hits="25" branch="true" condition-coverage="100% (6/6)">
									<conditions>
										<condition number="0" type="jump" coverage="100%"/>
										<condition number="1" type="jump" coverage="100%"/>
										<condition number="2" type="jump" coverage="100%"/>
									</conditions>
								</line>
								<line number="235" hits="3" branch="false"/>
								<line number="236" hits="22" branch="true" condition-coverage="100% (4/4)">
									<conditions>
										<condition number="0" type="jump" coverage="100%"/>
										<condition number="1" type="jump" coverage="100%"/>
									</conditions>
								</line>
								<line number="237" hits="2" branch="false"/>
								<line number="240" hits="20" branch="false"/>
								<line number="241" hits="20" branch="false"/>
								<line number="243" hits="16" branch="false"/>
								<line number="246" hits="16" branch="false"/>
								<line number="247" hits="0" branch="false"/>
								<line number="248" hits="0" branch="false"/>
								<line number="249" hits="16" branch="false"/>
								<line number="251" hits="16" branch="true" condition-coverage="100% (4/4)">
									<conditions>
										<condition number="0" type="jump" coverage="100%"/>
										<condition number="1" type="jump" coverage="100%"/>
									</conditions>
								</line>
								<line number="252" hits="6" branch="false"/>
								<line number="254" hits="10" branch="false"/>
								<line number="256" hits="16" branch="false"/>
							</lines>
						</method>
						<method name="engineSetMode" signature="(Ljava/lang/String;)V" line-rate="1.0" branch-rate="1.0">
							<lines>
								<line number="406" hits="1" branch="false"/>
							</lines>
						</method>
						<method name="engineSetPadding" signature="(Ljava/lang/String;)V" line-rate="1.0" branch-rate="1.0">
							<lines>
								<line number="433" hits="1" branch="false"/>
							</lines>
						</method>
						<method name="engineUnwrap" signature="([BLjava/lang/String;I)Ljava/security/Key;" line-rate="0.8333333333333334" branch-rate="0.9">
							<lines>
								<line number="861" hits="8" branch="true" condition-coverage="100% (2/2)">
									<conditions>
										<condition number="0" type="jump" coverage="100%"/>
									</conditions>
								</line>
								<line number="862" hits="1" branch="false"/>
								<line number="863" hits="7" branch="true" condition-coverage="100% (4/4)">
									<conditions>
										<condition number="0" type="jump" coverage="100%"/>
										<condition number="1" type="jump" coverage="100%"/>
									</conditions>
								</line>
								<line number="864" hits="2" branch="false"/>
								<line number="872" hits="5" branch="false"/>
								<line number="874" hits="4" branch="false"/>
								<line number="876" hits="4" branch="true" condition-coverage="75% (3/4)">
									<conditions>
										<condition number="0" type="switch" coverage="75%"/>
									</conditions>
								</line>
								<line number="878" hits="1" branch="false"/>
								<line number="879" hits="1" branch="false"/>
								<line number="880" hits="1" branch="false"/>
								<line number="882" hits="1" branch="false"/>
								<line number="883" hits="1" branch="false"/>
								<line number="884" hits="1" branch="false"/>
								<line number="886" hits="2" branch="false"/>
								<line number="888" hits="2" branch="false"/>
								<line number="889" hits="2" branch="false"/>
								<line number="890" hits="2" branch="false"/>
								<line number="891" hits="0" branch="false"/>
								<line number="892" hits="2" branch="false"/>
								<line number="898" hits="0" branch="false"/>
								<line number="900" hits="0" branch="false"/>
								<line number="901" hits="0" branch="false"/>
								<line number="903" hits="4" branch="false"/>
								<line number="905" hits="4" branch="false"/>
							</lines>
						</method>
						<method name="engineUpdate" signature="([BII)[B" line-rate="1.0" branch-rate="1.0">
							<lines>
								<line number="575" hits="20" branch="true" condition-coverage="100% (2/2)">
									<conditions>
										<condition number="0" type="jump" coverage="100%"/>
									</conditions>
								</line>
								<line number="576" hits="1" branch="false"/>
								<line number="577" hits="19" branch="true" condition-coverage="100% (4/4)">
									<conditions>
										<condition number="0" type="jump" coverage="100%"/>
										<condition number="1" type="jump" coverage="100%"/>
									</conditions>
								</line>
								<line number="578" hits="2" branch="false"/>
								<line number="579" hits="17" branch="true" condition-coverage="100% (4/4)">
									<conditions>
										<condition number="0" type="jump" coverage="100%"/>
										<condition number="1" type="jump" coverage="100%"/>
									</conditions>
								</line>
								<line number="580" hits="2" branch="false"/>
								<line number="583" hits="15" branch="false"/>
								<line number="584" hits="15" branch="false"/>
								<line number="586" hits="15" branch="false"/>
							</lines>
						</method>
						<method name="engineUpdate" signature="([BII[BI)I" line-rate="1.0" branch-rate="1.0">
							<lines>
								<line number="628" hits="12" branch="true" condition-coverage="100% (2/2)">
									<conditions>
										<condition number="0" type="jump" coverage="100%"/>
									</conditions>
								</line>
								<line number="629" hits="1" branch="false"/>
								<line number="630" hits="11" branch="true" condition-coverage="100% (4/4)">
									<conditions>
										<condition number="0" type="jump" coverage="100%"/>
										<condition number="1" type="jump" coverage="100%"/>
									</conditions>
								</line>
								<line number="631" hits="2" branch="false"/>
								<line number="634" hits="9" branch="false"/>
								<line number="635" hits="9" branch="true" condition-coverage="100% (2/2)">
									<conditions>
										<condition number="0" type="jump" coverage="100%"/>
									</conditions>
								</line>
								<line number="636" hits="2" branch="false"/>
								<line number="638" hits="7" branch="false"/>
								<line number="640" hits="7" branch="true" condition-coverage="100% (2/2)">
									<conditions>
										<condition number="0" type="jump" coverage="100%"/>
									</conditions>
								</line>
								<line number="641" hits="6" branch="false"/>
								<line number="643" hits="1" branch="false"/>
								<line number="646" hits="6" branch="false"/>
							</lines>
						</method>
[...]
								<line number="131" hits="0" branch="false"/>
								<line number="132" hits="2" branch="false"/>
								<line number="134" hits="2" branch="false"/>
							</lines>
						</method>
					</methods>
					<lines>
						<line number="44" hits="16" branch="false"/>
						<line number="45" hits="16" branch="false"/>
						<line number="46" hits="16" branch="false"/>
						<line number="63" hits="6" branch="true" condition-coverage="100% (4/4)">
							<conditions>
								<condition number="0" type="jump" coverage="100%"/>
								<condition number="1" type="jump" coverage="100%"/>
							</conditions>
						</line>
						<line number="64" hits="2" branch="false"/>
						<line number="67" hits="4" branch="false"/>
						<line number="90" hits="7" branch="true" condition-coverage="100% (2/2)">
							<conditions>
								<condition number="0" type="jump" coverage="100%"/>
							</conditions>
						</line>
						<line number="91" hits="1" branch="false"/>
						<line number="92" hits="6" branch="true" condition-coverage="100% (4/4)">
							<conditions>
								<condition number="0" type="jump" coverage="100%"/>
								<condition number="1" type="jump" coverage="100%"/>
							</conditions>
						</line>
						<line number="93" hits="2" branch="false"/>
						<line number="94" hits="4" branch="true" condition-coverage="100% (4/4)">
							<conditions>
								<condition number="0" type="jump" coverage="100%"/>
								<condition number="1" type="jump" coverage="100%"/>
							</conditions>
						</line>
						<line number="95" hits="2" branch="false"/>
						<line number="99" hits="2" branch="false"/>
						<line number="100" hits="0" branch="false"/>
						<line number="101" hits="0" branch="false"/>
						<line number="123" hits="3" branch="true" condition-coverage="100% (2/2)">
							<conditions>
								<condition number="0" type="jump" coverage="100%"/>
							</conditions>
						</line>
						<line number="124" hits="1" branch="false"/>
						<line number="127" hits="2" branch="false"/>
						<line number="129" hits="2" branch="false"/>
						<line number="130" hits="0" branch="false"/>
						<line number="131" hits="0" branch="false"/>
						<line number="132" hits="2" branch="false"/>
						<line number="134" hits="2" branch="false"/>
					</lines>
				</class>
				<class name="net.ninthtest.crypto.provider.helix.HelixSecureRandom" filename="net/ninthtest/crypto/provider/helix/HelixSecureRandom.java" line-rate="1.0" branch-rate="1.0" complexity="4.666666666666667">
					<methods>
						<method name="&lt;init&gt;" signature="()V" line-rate="1.0" branch-rate="1.0">
							<lines>
								<line number="43" hits="15" branch="false"/>
								<line number="49" hits="15" branch="false"/>
								<line number="65" hits="15" branch="false"/>
								<line number="77" hits="15" branch="false"/>
								<line number="78" hits="15" branch="false"/>
								<line number="79" hits="15" branch="false"/>
							</lines>
						</method>
						<method name="engineGenerateSeed" signature="(I)[B" line-rate="1.0" branch-rate="1.0">
							<lines>
								<line number="92" hits="3" branch="true" condition-coverage="100% (2/2)">
									<conditions>
										<condition number="0" type="jump" coverage="100%"/>
									</conditions>
								</line>
								<line number="93" hits="1" branch="false"/>
								<line number="94" hits="2" branch="true" condition-coverage="100% (2/2)">
									<conditions>
										<condition number="0" type="jump" coverage="100%"/>
									</conditions>
								</line>
								<line number="95" hits="1" branch="false"/>
								<line number="98" hits="1" branch="false"/>
								<line number="99" hits="1" branch="false"/>
								<line number="101" hits="1" branch="false"/>
							</lines>
						</method>
						<method name="engineNextBytes" signature="([B)V" line-rate="1.0" branch-rate="1.0">
							<lines>
								<line number="113" hits="12" branch="true" condition-coverage="100% (2/2)">
									<conditions>
										<condition number="0" type="jump" coverage="100%"/>
									</conditions>
								</line>
								<line number="114" hits="1" branch="false"/>
								<line number="115" hits="11" branch="true" condition-coverage="100% (2/2)">
									<conditions>
										<condition number="0" type="jump" coverage="100%"/>
									</conditions>
								</line>
								<line number="116" hits="1" branch="false"/>
								<line number="119" hits="10" branch="false"/>
								<line number="121" hits="10" branch="true" condition-coverage="100% (2/2)">
									<conditions>
										<condition number="0" type="jump" coverage="100%"/>
									</conditions>
								</line>
								<line number="122" hits="6" branch="false"/>
								<line number="125" hits="10" branch="true" condition-coverage="100% (2/2)">
									<conditions>
										<condition number="0" type="jump" coverage="100%"/>
									</conditions>
								</line>
								<line number="126" hits="2" branch="false"/>
								<line number="129" hits="2" branch="true" condition-coverage="100% (2/2)">
									<conditions>
										<condition number="0" type="jump" coverage="100%"/>
									</conditions>
								</line>
								<line number="130" hits="1" branch="false"/>
								<line number="131" hits="1" branch="false"/>
								<line number="132" hits="1" branch="false"/>
								<line number="133" hits="1" branch="false"/>
								<line number="134" hits="1" branch="false"/>
								<line number="138" hits="2" branch="false"/>
								<line number="141" hits="8" branch="false"/>
								<line number="146" hits="8" branch="false"/>
								<line number="147" hits="8" branch="false"/>
								<line number="148" hits="25" branch="true" condition-coverage="100% (2/2)">
									<conditions>
										<condition number="0" type="jump" coverage="100%"/>
									</conditions>
								</line>
								<line number="149" hits="17" branch="false"/>
								<line number="152" hits="8" branch="false"/>
								<line number="153" hits="8" branch="false"/>
								<line number="156" hits="8" branch="false"/>
								<line number="157" hits="8" branch="false"/>
								<line number="158" hits="8" branch="false"/>
								<line number="161" hits="8" branch="false"/>
								<line number="164" hits="8" branch="false"/>
								<line number="165" hits="8" branch="false"/>
								<line number="167" hits="10" branch="false"/>
								<line number="168" hits="8" branch="false"/>
								<line number="169" hits="8" branch="false"/>
							</lines>
						</method>
						<method name="engineSetSeed" signature="([B)V" line-rate="1.0" branch-rate="1.0">
							<lines>
								<line number="274" hits="6" branch="true" condition-coverage="100% (2/2)">
									<conditions>
										<condition number="0" type="jump" coverage="100%"/>
									</conditions>
								</line>
								<line number="275" hits="1" branch="false"/>
								<line number="278" hits="5" branch="false"/>
								<line number="279" hits="5" branch="false"/>
							</lines>
						</method>
						<method name="initializePrimitive" signature="([B)V" line-rate="1.0" branch-rate="1.0">
							<lines>
								<line number="178" hits="11" branch="false"/>
								<line number="179" hits="11" branch="false"/>
								<line number="181" hits="11" branch="false"/>
								<line number="182" hits="11" branch="true" condition-coverage="100% (4/4)">
									<conditions>
										<condition number="0" type="jump" coverage="100%"/>
										<condition number="1" type="jump" coverage="100%"/>
									</conditions>
								</line>
								<line number="183" hits="7" branch="false"/>
								<line number="184" hits="7" branch="false"/>
								<line number="185" hits="4" branch="true" condition-coverage="100% (2/2)">
									<conditions>
										<condition number="0" type="jump" coverage="100%"/>
									</conditions>
								</line>
								<line number="186" hits="1" branch="false"/>
								<line number="187" hits="1" branch="false"/>
								<line number="189" hits="1" branch="false"/>
								<line number="190" hits="1" branch="false"/>
								<line number="191" hits="1" branch="false"/>
								<line number="192" hits="1" branch="false"/>
								<line number="193" hits="3" branch="false"/>
								<line number="194" hits="3" branch="false"/>
								<line number="197" hits="11" branch="false"/>
								<line number="199" hits="11" branch="true" condition-coverage="100% (2/2)">
									<conditions>
										<condition number="0" type="jump" coverage="100%"/>
									</conditions>
								</line>
								<line number="200" hits="1" branch="false"/>
								<line number="201" hits="1" branch="false"/>
								<line number="204" hits="11" branch="false"/>
								<line number="205" hits="570" branch="true" condition-coverage="100% (2/2)">
									<conditions>
										<condition number="0" type="jump" coverage="100%"/>
									</conditions>
								</line>
								<line number="206" hits="559" branch="false"/>
								<line number="208" hits="559" branch="true" condition-coverage="100% (2/2)">
									<conditions>
										<condition number="0" type="jump" coverage="100%"/>
									</conditions>
								</line>
								<line number="210" hits="12" branch="false"/>
								<line number="214" hits="11" branch="false"/>
								<line number="215" hits="11" branch="false"/>
								<line number="217" hits="11" branch="false"/>
								<line number="218" hits="11" branch="false"/>
								<line number="220" hits="11" branch="false"/>
								<line number="222" hits="11" branch="false"/>
								<line number="225" hits="11" branch="false"/>
								<line number="226" hits="11" branch="false"/>
								<line number="227" hits="11" branch="false"/>
							</lines>
						</method>
						<method name="longsToBytes" signature="([J)[B" line-rate="1.0" branch-rate="1.0">
							<lines>
								<line number="236" hits="8" branch="false"/>
								<line number="237" hits="8" branch="false"/>
								<line number="238" hits="8" branch="false"/>
								<line number="240" hits="8" branch="false"/>
								<line number="242" hits="25" branch="true" condition-coverage="100% (2/2)">
									<conditions>
										<condition number="0" type="jump" coverage="100%"/>
									</conditions>
								</line>
								<line number="243" hits="17" branch="false"/>
								<line number="244" hits="17" branch="false"/>
								<line number="245" hits="17" branch="false"/>
								<line number="246" hits="17" branch="false"/>
								<line number="247" hits="17" branch="false"/>
								<line number="248" hits="17" branch="false"/>
								<line number="249" hits="17" branch="false"/>
								<line number="250" hits="17" branch="false"/>
								<line number="251" hits="17" branch="false"/>
								<line number="254" hits="8" branch="false"/>
							</lines>
						</method>
					</methods>
					<lines>
						<line number="43" hits="15" branch="false"/>
						<line number="49" hits="15" branch="false"/>
						<line number="65" hits="15" branch="false"/>
						<line number="77" hits="15" branch="false"/>
						<line number="78" hits="15" branch="false"/>
						<line number="79" hits="15" branch="false"/>
						<line number="92" hits="3" branch="true" condition-coverage="100% (2/2)">
							<conditions>
								<condition number="0" type="jump" coverage="100%"/>
							</conditions>
						</line>
						<line number="93" hits="1" branch="false"/>
						<line number="94" hits="2" branch="true" condition-coverage="100% (2/2)">
							<conditions>
								<condition number="0" type="jump" coverage="100%"/>
							</conditions>
						</line>
						<line number="95" hits="1" branch="false"/>
						<line number="98" hits="1" branch="false"/>
						<line number="99" hits="1" branch="false"/>
						<line number="101" hits="1" branch="false"/>
						<line number="113" hits="12" branch="true" condition-coverage="100% (2/2)">
							<conditions>
								<condition number="0" type="jump" coverage="100%"/>
							</conditions>
						</line>
						<line number="114" hits="1" branch="false"/>
						<line number="115" hits="11" branch="true" condition-coverage="100% (2/2)">
							<conditions>
								<condition number="0" type="jump" coverage="100%"/>
							</conditions>
						</line>
						<line number="116" hits="1" branch="false"/>
						<line number="119" hits="10" branch="false"/>
						<line number="121" hits="10" branch="true" condition-coverage="100% (2/2)">
							<conditions>
								<condition number="0" type="jump" coverage="100%"/>
							</conditions>
						</line>
						<line number="122" hits="6" branch="false"/>
						<line number="125" hits="10" branch="true" condition-coverage="100% (2/2)">
							<conditions>
								<condition number="0" type="jump" coverage="100%"/>
							</conditions>
						</line>
						<line number="126" hits="2" branch="false"/>
						<line number="129" hits="2" branch="true" condition-coverage="100% (2/2)">
							<conditions>
								<condition number="0" type="jump" coverage="100%"/>
							</conditions>
						</line>
						<line number="130" hits="1" branch="false"/>
						<line number="131" hits="1" branch="false"/>
						<line number="132" hits="1" branch="false"/>
						<line number="133" hits="1" branch="false"/>
						<line number="134" hits="1" branch="false"/>
						<line number="138" hits="2" branch="false"/>
						<line number="141" hits="8" branch="false"/>
						<line number="146" hits="8" branch="false"/>
						<line number="147" hits="8" branch="false"/>
						<line number="148" hits="25" branch="true" condition-coverage="100% (2/2)">
							<conditions>
								<condition number="0" type="jump" coverage="100%"/>
							</conditions>
						</line>
						<line number="149" hits="17" branch="false"/>
						<line number="152" hits="8" branch="false"/>
						<line number="153" hits="8" branch="false"/>
						<line number="156" hits="8" branch="false"/>
						<line number="157" hits="8" branch="false"/>
						<line number="158" hits="8" branch="false"/>
						<line number="161" hits="8" branch="false"/>
						<line number="164" hits="8" branch="false"/>
						<line number="165" hits="8" branch="false"/>
						<line number="167" hits="10" branch="false"/>
						<line number="168" hits="8" branch="false"/>
						<line number="169" hits="8" branch="false"/>
						<line number="178" hits="11" branch="false"/>
						<line number="179" hits="11" branch="false"/>
						<line number="181" hits="11" branch="false"/>
						<line number="182" hits="11" branch="true" condition-coverage="100% (4/4)">
							<conditions>
								<condition number="0" type="jump" coverage="100%"/>
								<condition number="1" type="jump" coverage="100%"/>
							</conditions>
						</line>
						<line number="183" hits="7" branch="false"/>
						<line number="184" hits="7" branch="false"/>
						<line number="185" hits="4" branch="true" condition-coverage="100% (2/2)">
							<conditions>
								<condition number="0" type="jump" coverage="100%"/>
							</conditions>
						</line>
						<line number="186" hits="1" branch="false"/>
						<line number="187" hits="1" branch="false"/>
						<line number="189" hits="1" branch="false"/>
						<line number="190" hits="1" branch="false"/>
						<line number="191" hits="1" branch="false"/>
						<line number="192" hits="1" branch="false"/>
						<line number="193" hits="3" branch="false"/>
						<line number="194" hits="3" branch="false"/>
						<line number="197" hits="11" branch="false"/>
						<line number="199" hits="11" branch="true" condition-coverage="100% (2/2)">
							<conditions>
								<condition number="0" type="jump" coverage="100%"/>
							</conditions>
						</line>
						<line number="200" hits="1" branch="false"/>
						<line number="201" hits="1" branch="false"/>
						<line number="204" hits="11" branch="false"/>
						<line number="205" hits="570" branch="true" condition-coverage="100% (2/2)">
							<conditions>
								<condition number="0" type="jump" coverage="100%"/>
							</conditions>
						</line>
						<line number="206" hits="559" branch="false"/>
						<line number="208" hits="559" branch="true" condition-coverage="100% (2/2)">
							<conditions>
								<condition number="0" type="jump" coverage="100%"/>
							</conditions>
						</line>
						<line number="210" hits="12" branch="false"/>
						<line number="214" hits="11" branch="false"/>
						<line number="215" hits="11" branch="false"/>
						<line number="217" hits="11" branch="false"/>
						<line number="218" hits="11" branch="false"/>
						<line number="220" hits="11" branch="false"/>
						<line number="222" hits="11" branch="false"/>
						<line number="225" hits="11" branch="false"/>
						<line number="226" hits="11" branch="false"/>
						<line number="227" hits="11" branch="false"/>
						<line number="236" hits="8" branch="false"/>
						<line number="237" hits="8" branch="false"/>
						<line number="238" hits="8" branch="false"/>
						<line number="240" hits="8" branch="false"/>
						<line number="242" hits="25" branch="true" condition-coverage="100% (2/2)">
							<conditions>
								<condition number="0" type="jump" coverage="100%"/>
							</conditions>
						</line>
						<line number="243" hits="17" branch="false"/>
						<line number="244" hits="17" branch="false"/>
						<line number="245" hits="17" branch="false"/>
						<line number="246" hits="17" branch="false"/>
						<line number="247" hits="17" branch="false"/>
						<line number="248" hits="17" branch="false"/>
						<line number="249" hits="17" branch="false"/>
						<line number="250" hits="17" branch="false"/>
						<line number="251" hits="17" branch="false"/>
						<line number="254" hits="8" branch="false"/>
						<line number="274" hits="6" branch="true" condition-coverage="100% (2/2)">
							<conditions>
								<condition number="0" type="jump" coverage="100%"/>
							</conditions>
						</line>
						<line number="275" hits="1" branch="false"/>
						<line number="278" hits="5" branch="false"/>
						<line number="279" hits="5" branch="false"/>
					</lines>
				</class>
			</classes>
		</package>
		<package name="net.ninthtest.security.provider" line-rate="1.0" branch-rate="1.0" complexity="3.7142857142857144">
			<classes>
				<class name="net.ninthtest.security.provider.NinthTestProvider" filename="net/ninthtest/security/provider/NinthTestProvider.java" line-rate="1.0" branch-rate="1.0" complexity="3.7142857142857144">
					<methods>
						<method name="&lt;init&gt;" signature="()V" line-rate="1.0" branch-rate="1.0">
							<lines>
								<line number="113" hits="242" branch="false"/>
								<line number="116" hits="242" branch="false"/>
								<line number="117" hits="242" branch="false"/>
								<line number="118" hits="242" branch="false"/>
								<line number="119" hits="242" branch="false"/>
								<line number="121" hits="242" branch="false"/>
								<line number="123" hits="242" branch="false"/>
								<line number="124" hits="242" branch="false"/>
							</lines>
						</method>
						<method name="doSelfIntegrityCheck" signature="()V" line-rate="1.0" branch-rate="1.0">
							<lines>
								<line number="105" hits="429" branch="false"/>
								<line number="106" hits="429" branch="false"/>
							</lines>
						</method>
					</methods>
					<lines>
						<line number="105" hits="429" branch="false"/>
						<line number="106" hits="429" branch="false"/>
						<line number="113" hits="242" branch="false"/>
						<line number="116" hits="242" branch="false"/>
						<line number="117" hits="242" branch="false"/>
						<line number="118" hits="242" branch="false"/>
						<line number="119" hits="242" branch="false"/>
						<line number="121" hits="242" branch="false"/>
						<line number="123" hits="242" branch="false"/>
						<line number="124" hits="242" branch="false"/>
					</lines>
				</class>
			</classes>
		</package>
	</packages>
</coverage>
